<?xml version="1.0" encoding="UTF-8"?>
<!-- Generated by org.testng.reporters.JUnitReportReporter -->
<testsuite hostname="LTIN193716" failures="0" tests="8" name="TestCases.Tc001_EmiCalculator" time="181.198" errors="0" timestamp="2024-02-27T17:12:58 IST" skipped="0">
  <testcase classname="TestCases.Tc001_EmiCalculator" name="inputCalculator" time="5.462"/>
  <system-out/>
  <testcase classname="TestCases.Tc001_EmiCalculator" name="printCarEmiData" time="8.603"/>
  <system-out/>
  <testcase classname="TestCases.Tc001_EmiCalculator" name="homeLoanCalculator" time="1.766"/>
  <system-out/>
  <testcase classname="TestCases.Tc001_EmiCalculator" name="printHomeEmiData" time="5.240"/>
  <system-out/>
  <testcase classname="TestCases.Tc001_EmiCalculator" name="loanCalculator" time="1.711"/>
  <system-out/>
  <testcase classname="TestCases.Tc001_EmiCalculator" name="loanEmiCalcUICheck" time="57.904"/>
  <system-out/>
  <testcase classname="TestCases.Tc001_EmiCalculator" name="loanAmountCalcUICheck" time="50.922"/>
  <system-out/>
  <testcase classname="TestCases.Tc001_EmiCalculator" name="loanTenureCalcUICheck" time="49.590"/>
  <system-out/>
</testsuite> <!-- TestCases.Tc001_EmiCalculator -->
